2025-09-24 01:08:28,641 INFO recipes: Logging initialized at level INFO
2025-09-24 01:08:28,644 INFO recipes: Initializing database and loading seed data from DummyJSON...
2025-09-24 01:08:28,792 INFO recipes: Loaded 30 recipes from https://dummyjson.com/recipes
2025-09-24 01:08:28,792 INFO recipes: Seed data loaded successfully.
2025-09-24 01:11:53,725 INFO recipes: Logging initialized at level INFO
2025-09-24 01:11:53,728 INFO recipes: Initializing database and loading seed data from DummyJSON...
2025-09-24 01:11:54,031 INFO recipes: Loaded 30 recipes from https://dummyjson.com/recipes
2025-09-24 01:11:54,031 INFO recipes: Seed data loaded successfully.
2025-09-24 01:19:11,000 INFO recipes: Logging initialized at level INFO
2025-09-24 01:19:11,003 INFO uvicorn.error: Started server process [12]
2025-09-24 01:19:11,003 INFO uvicorn.error: Started server process [12]
2025-09-24 01:19:11,003 INFO uvicorn.error: Waiting for application startup.
2025-09-24 01:19:11,003 INFO uvicorn.error: Waiting for application startup.
2025-09-24 01:19:11,003 INFO recipes: Initializing database and loading seed data from DummyJSON...
2025-09-24 01:19:11,309 INFO recipes: Loaded 30 recipes from https://dummyjson.com/recipes
2025-09-24 01:19:11,310 INFO recipes: Seed data loaded successfully.
2025-09-24 01:19:11,310 INFO uvicorn.error: Application startup complete.
2025-09-24 01:19:11,310 INFO uvicorn.error: Application startup complete.
2025-09-24 01:19:31,837 INFO uvicorn.access: 172.18.0.1:60728 - "GET /status HTTP/1.1" 200
2025-09-24 01:19:32,046 INFO uvicorn.access: 172.18.0.1:60728 - "GET /.well-known/appspecific/com.chrome.devtools.json HTTP/1.1" 404
2025-09-24 01:46:36,338 INFO uvicorn.error: Shutting down
2025-09-24 01:46:36,338 INFO uvicorn.error: Shutting down
2025-09-24 01:46:36,439 INFO uvicorn.error: Waiting for application shutdown.
2025-09-24 01:46:36,439 INFO uvicorn.error: Waiting for application shutdown.
2025-09-24 01:46:36,439 INFO uvicorn.error: Application shutdown complete.
2025-09-24 01:46:36,439 INFO uvicorn.error: Application shutdown complete.
2025-09-24 01:46:36,440 INFO uvicorn.error: Finished server process [12]
2025-09-24 01:46:36,440 INFO uvicorn.error: Finished server process [12]
2025-09-24 01:46:37,848 INFO recipes: Logging initialized at level INFO
2025-09-24 01:46:37,851 INFO uvicorn.error: Started server process [14]
2025-09-24 01:46:37,851 INFO uvicorn.error: Started server process [14]
2025-09-24 01:46:37,851 INFO uvicorn.error: Waiting for application startup.
2025-09-24 01:46:37,851 INFO uvicorn.error: Waiting for application startup.
2025-09-24 01:46:37,852 INFO recipes: Initializing database and loading seed data from DummyJSON...
2025-09-24 01:46:38,164 INFO recipes: Loaded 30 recipes from https://dummyjson.com/recipes
2025-09-24 01:46:38,165 INFO recipes: Seed data loaded successfully.
2025-09-24 01:46:38,165 INFO uvicorn.error: Application startup complete.
2025-09-24 01:46:38,165 INFO uvicorn.error: Application startup complete.
2025-09-24 01:47:29,722 INFO uvicorn.error: Shutting down
2025-09-24 01:47:29,722 INFO uvicorn.error: Shutting down
2025-09-24 01:47:29,821 INFO uvicorn.error: Waiting for application shutdown.
2025-09-24 01:47:29,821 INFO uvicorn.error: Waiting for application shutdown.
2025-09-24 01:47:29,822 INFO uvicorn.error: Application shutdown complete.
2025-09-24 01:47:29,822 INFO uvicorn.error: Application shutdown complete.
2025-09-24 01:47:29,822 INFO uvicorn.error: Finished server process [14]
2025-09-24 01:47:29,822 INFO uvicorn.error: Finished server process [14]
2025-09-24 01:47:31,231 INFO recipes: Logging initialized at level INFO
2025-09-24 01:47:31,234 INFO uvicorn.error: Started server process [15]
2025-09-24 01:47:31,234 INFO uvicorn.error: Started server process [15]
2025-09-24 01:47:31,234 INFO uvicorn.error: Waiting for application startup.
2025-09-24 01:47:31,234 INFO uvicorn.error: Waiting for application startup.
2025-09-24 01:47:31,235 INFO recipes: Initializing database and loading seed data from DummyJSON...
2025-09-24 01:47:31,368 INFO recipes: Loaded 30 recipes from https://dummyjson.com/recipes
2025-09-24 01:47:31,368 INFO recipes: Seed data loaded successfully.
2025-09-24 01:47:31,368 INFO uvicorn.error: Application startup complete.
2025-09-24 01:47:31,368 INFO uvicorn.error: Application startup complete.
2025-09-24 01:56:28,299 INFO uvicorn.error: Shutting down
2025-09-24 01:56:28,299 INFO uvicorn.error: Shutting down
2025-09-24 01:56:28,400 INFO uvicorn.error: Waiting for application shutdown.
2025-09-24 01:56:28,400 INFO uvicorn.error: Waiting for application shutdown.
2025-09-24 01:56:28,400 INFO uvicorn.error: Application shutdown complete.
2025-09-24 01:56:28,400 INFO uvicorn.error: Application shutdown complete.
2025-09-24 01:56:28,400 INFO uvicorn.error: Finished server process [15]
2025-09-24 01:56:28,400 INFO uvicorn.error: Finished server process [15]
2025-09-24 01:56:29,792 INFO recipes: Logging initialized at level INFO
2025-09-24 01:56:29,795 INFO uvicorn.error: Started server process [16]
2025-09-24 01:56:29,795 INFO uvicorn.error: Started server process [16]
2025-09-24 01:56:29,795 INFO uvicorn.error: Waiting for application startup.
2025-09-24 01:56:29,795 INFO uvicorn.error: Waiting for application startup.
2025-09-24 01:56:29,795 INFO recipes: Initializing database and loading seed data from DummyJSON...
2025-09-24 01:56:29,947 INFO recipes: Loaded 30 recipes from https://dummyjson.com/recipes
2025-09-24 01:56:29,947 INFO recipes: Seed data loaded successfully.
2025-09-24 01:56:29,947 INFO uvicorn.error: Application startup complete.
2025-09-24 01:56:29,947 INFO uvicorn.error: Application startup complete.
2025-09-24 02:00:09,105 INFO uvicorn.error: Shutting down
2025-09-24 02:00:09,105 INFO uvicorn.error: Shutting down
2025-09-24 02:00:09,205 INFO uvicorn.error: Waiting for application shutdown.
2025-09-24 02:00:09,205 INFO uvicorn.error: Waiting for application shutdown.
2025-09-24 02:00:09,206 INFO uvicorn.error: Application shutdown complete.
2025-09-24 02:00:09,206 INFO uvicorn.error: Application shutdown complete.
2025-09-24 02:00:09,206 INFO uvicorn.error: Finished server process [16]
2025-09-24 02:00:09,206 INFO uvicorn.error: Finished server process [16]
2025-09-24 02:00:10,626 INFO recipes: Logging initialized at level INFO
2025-09-24 02:00:10,629 INFO uvicorn.error: Started server process [17]
2025-09-24 02:00:10,629 INFO uvicorn.error: Started server process [17]
2025-09-24 02:00:10,630 INFO uvicorn.error: Waiting for application startup.
2025-09-24 02:00:10,630 INFO uvicorn.error: Waiting for application startup.
2025-09-24 02:00:10,630 INFO recipes: Initializing database and loading seed data from DummyJSON...
2025-09-24 02:00:10,767 INFO recipes: Loaded 30 recipes from https://dummyjson.com/recipes
2025-09-24 02:00:10,768 INFO recipes: Seed data loaded successfully.
2025-09-24 02:00:10,768 INFO uvicorn.error: Application startup complete.
2025-09-24 02:00:10,768 INFO uvicorn.error: Application startup complete.
2025-09-24 02:00:15,082 INFO uvicorn.error: Shutting down
2025-09-24 02:00:15,082 INFO uvicorn.error: Shutting down
2025-09-24 02:00:15,183 INFO uvicorn.error: Waiting for application shutdown.
2025-09-24 02:00:15,183 INFO uvicorn.error: Waiting for application shutdown.
2025-09-24 02:00:15,183 INFO uvicorn.error: Application shutdown complete.
2025-09-24 02:00:15,183 INFO uvicorn.error: Application shutdown complete.
2025-09-24 02:00:15,183 INFO uvicorn.error: Finished server process [17]
2025-09-24 02:00:15,183 INFO uvicorn.error: Finished server process [17]
2025-09-24 02:00:25,753 INFO recipes: Logging initialized at level INFO
2025-09-24 02:00:25,756 INFO uvicorn.error: Started server process [19]
2025-09-24 02:00:25,756 INFO uvicorn.error: Started server process [19]
2025-09-24 02:00:25,756 INFO uvicorn.error: Waiting for application startup.
2025-09-24 02:00:25,756 INFO uvicorn.error: Waiting for application startup.
2025-09-24 02:00:25,756 INFO recipes: Initializing database and loading seed data from DummyJSON...
2025-09-24 02:00:26,060 INFO recipes: Loaded 30 recipes from https://dummyjson.com/recipes
2025-09-24 02:00:26,061 INFO recipes: Seed data loaded successfully.
2025-09-24 02:00:26,061 INFO uvicorn.error: Application startup complete.
2025-09-24 02:00:26,061 INFO uvicorn.error: Application startup complete.
2025-09-24 02:00:27,474 INFO recipes: Logging initialized at level INFO
2025-09-24 02:00:27,477 INFO uvicorn.error: Started server process [20]
2025-09-24 02:00:27,477 INFO uvicorn.error: Started server process [20]
2025-09-24 02:00:27,477 INFO uvicorn.error: Waiting for application startup.
2025-09-24 02:00:27,477 INFO uvicorn.error: Waiting for application startup.
2025-09-24 02:00:27,477 INFO recipes: Initializing database and loading seed data from DummyJSON...
2025-09-24 02:00:27,611 INFO recipes: Loaded 30 recipes from https://dummyjson.com/recipes
2025-09-24 02:00:27,611 INFO recipes: Seed data loaded successfully.
2025-09-24 02:00:27,612 INFO uvicorn.error: Application startup complete.
2025-09-24 02:00:27,612 INFO uvicorn.error: Application startup complete.
2025-09-24 02:04:35,366 INFO uvicorn.error: Shutting down
2025-09-24 02:04:35,366 INFO uvicorn.error: Shutting down
2025-09-24 02:04:35,466 INFO uvicorn.error: Waiting for application shutdown.
2025-09-24 02:04:35,466 INFO uvicorn.error: Waiting for application shutdown.
2025-09-24 02:04:35,467 INFO uvicorn.error: Application shutdown complete.
2025-09-24 02:04:35,467 INFO uvicorn.error: Application shutdown complete.
2025-09-24 02:04:35,467 INFO uvicorn.error: Finished server process [20]
2025-09-24 02:04:35,467 INFO uvicorn.error: Finished server process [20]
2025-09-24 02:04:36,874 INFO recipes: Logging initialized at level INFO
2025-09-24 02:04:36,876 INFO uvicorn.error: Started server process [21]
2025-09-24 02:04:36,876 INFO uvicorn.error: Started server process [21]
2025-09-24 02:04:36,877 INFO uvicorn.error: Waiting for application startup.
2025-09-24 02:04:36,877 INFO uvicorn.error: Waiting for application startup.
2025-09-24 02:04:36,877 INFO recipes: Initializing database and loading seed data from DummyJSON...
2025-09-24 02:04:37,018 INFO recipes: Loaded 30 recipes from https://dummyjson.com/recipes
2025-09-24 02:04:37,019 INFO recipes: Seed data loaded successfully.
2025-09-24 02:04:37,019 INFO uvicorn.error: Application startup complete.
2025-09-24 02:04:37,019 INFO uvicorn.error: Application startup complete.
2025-09-24 02:05:43,132 INFO uvicorn.error: Shutting down
2025-09-24 02:05:43,132 INFO uvicorn.error: Shutting down
2025-09-24 02:05:43,233 INFO uvicorn.error: Waiting for application shutdown.
2025-09-24 02:05:43,233 INFO uvicorn.error: Waiting for application shutdown.
2025-09-24 02:05:43,233 INFO uvicorn.error: Application shutdown complete.
2025-09-24 02:05:43,233 INFO uvicorn.error: Application shutdown complete.
2025-09-24 02:05:43,233 INFO uvicorn.error: Finished server process [21]
2025-09-24 02:05:43,233 INFO uvicorn.error: Finished server process [21]
2025-09-24 02:05:44,655 INFO recipes: Logging initialized at level INFO
2025-09-24 02:05:44,658 INFO uvicorn.error: Started server process [22]
2025-09-24 02:05:44,658 INFO uvicorn.error: Started server process [22]
2025-09-24 02:05:44,658 INFO uvicorn.error: Waiting for application startup.
2025-09-24 02:05:44,658 INFO uvicorn.error: Waiting for application startup.
2025-09-24 02:05:44,658 INFO recipes: Initializing database and loading seed data from DummyJSON...
2025-09-24 02:05:44,975 INFO recipes: Loaded 30 recipes from https://dummyjson.com/recipes
2025-09-24 02:05:44,975 INFO recipes: Seed data loaded successfully.
2025-09-24 02:05:44,976 INFO uvicorn.error: Application startup complete.
2025-09-24 02:05:44,976 INFO uvicorn.error: Application startup complete.
2025-09-24 02:07:29,773 INFO uvicorn.error: Shutting down
2025-09-24 02:07:29,773 INFO uvicorn.error: Shutting down
2025-09-24 02:07:29,874 INFO uvicorn.error: Waiting for application shutdown.
2025-09-24 02:07:29,874 INFO uvicorn.error: Waiting for application shutdown.
2025-09-24 02:07:29,874 INFO uvicorn.error: Application shutdown complete.
2025-09-24 02:07:29,874 INFO uvicorn.error: Application shutdown complete.
2025-09-24 02:07:29,875 INFO uvicorn.error: Finished server process [22]
2025-09-24 02:07:29,875 INFO uvicorn.error: Finished server process [22]
2025-09-24 02:07:31,281 INFO recipes: Logging initialized at level INFO
2025-09-24 02:07:31,284 INFO uvicorn.error: Started server process [23]
2025-09-24 02:07:31,284 INFO uvicorn.error: Started server process [23]
2025-09-24 02:07:31,284 INFO uvicorn.error: Waiting for application startup.
2025-09-24 02:07:31,284 INFO uvicorn.error: Waiting for application startup.
2025-09-24 02:07:31,285 INFO recipes: Initializing database and loading seed data from DummyJSON...
2025-09-24 02:07:31,424 INFO recipes: Loaded 30 recipes from https://dummyjson.com/recipes
2025-09-24 02:07:31,425 INFO recipes: Seed data loaded successfully.
2025-09-24 02:07:31,425 INFO uvicorn.error: Application startup complete.
2025-09-24 02:07:31,425 INFO uvicorn.error: Application startup complete.
2025-09-24 02:08:51,083 INFO uvicorn.error: Shutting down
2025-09-24 02:08:51,083 INFO uvicorn.error: Shutting down
2025-09-24 02:08:51,183 INFO uvicorn.error: Waiting for application shutdown.
2025-09-24 02:08:51,183 INFO uvicorn.error: Waiting for application shutdown.
2025-09-24 02:08:51,184 INFO uvicorn.error: Application shutdown complete.
2025-09-24 02:08:51,184 INFO uvicorn.error: Application shutdown complete.
2025-09-24 02:08:51,184 INFO uvicorn.error: Finished server process [23]
2025-09-24 02:08:51,184 INFO uvicorn.error: Finished server process [23]
2025-09-24 02:08:52,631 INFO recipes: Logging initialized at level INFO
2025-09-24 02:08:52,634 INFO uvicorn.error: Started server process [24]
2025-09-24 02:08:52,634 INFO uvicorn.error: Started server process [24]
2025-09-24 02:08:52,634 INFO uvicorn.error: Waiting for application startup.
2025-09-24 02:08:52,634 INFO uvicorn.error: Waiting for application startup.
2025-09-24 02:08:52,635 INFO recipes: Initializing database and loading seed data from DummyJSON...
2025-09-24 02:08:52,943 INFO recipes: Loaded 30 recipes from https://dummyjson.com/recipes
2025-09-24 02:08:52,944 INFO recipes: Seed data loaded successfully.
2025-09-24 02:08:52,944 INFO uvicorn.error: Application startup complete.
2025-09-24 02:08:52,944 INFO uvicorn.error: Application startup complete.
2025-09-24 02:12:16,568 INFO uvicorn.error: Shutting down
2025-09-24 02:12:16,568 INFO uvicorn.error: Shutting down
2025-09-24 02:12:16,669 INFO uvicorn.error: Waiting for application shutdown.
2025-09-24 02:12:16,669 INFO uvicorn.error: Waiting for application shutdown.
2025-09-24 02:12:16,669 INFO uvicorn.error: Application shutdown complete.
2025-09-24 02:12:16,669 INFO uvicorn.error: Application shutdown complete.
2025-09-24 02:12:16,669 INFO uvicorn.error: Finished server process [24]
2025-09-24 02:12:16,669 INFO uvicorn.error: Finished server process [24]
2025-09-24 02:12:18,064 INFO recipes: Logging initialized at level INFO
2025-09-24 02:12:18,067 INFO uvicorn.error: Started server process [25]
2025-09-24 02:12:18,067 INFO uvicorn.error: Started server process [25]
2025-09-24 02:12:18,067 INFO uvicorn.error: Waiting for application startup.
2025-09-24 02:12:18,067 INFO uvicorn.error: Waiting for application startup.
2025-09-24 02:12:18,067 INFO recipes: Initializing database and loading seed data from DummyJSON...
2025-09-24 02:12:18,386 INFO recipes: Loaded 30 recipes from https://dummyjson.com/recipes
2025-09-24 02:12:18,387 INFO recipes: Seed data loaded successfully.
2025-09-24 02:12:18,387 INFO uvicorn.error: Application startup complete.
2025-09-24 02:12:18,387 INFO uvicorn.error: Application startup complete.
2025-09-24 02:12:33,023 INFO uvicorn.error: Shutting down
2025-09-24 02:12:33,023 INFO uvicorn.error: Shutting down
2025-09-24 02:12:33,124 INFO uvicorn.error: Waiting for application shutdown.
2025-09-24 02:12:33,124 INFO uvicorn.error: Waiting for application shutdown.
2025-09-24 02:12:33,125 INFO uvicorn.error: Application shutdown complete.
2025-09-24 02:12:33,125 INFO uvicorn.error: Application shutdown complete.
2025-09-24 02:12:33,125 INFO uvicorn.error: Finished server process [25]
2025-09-24 02:12:33,125 INFO uvicorn.error: Finished server process [25]
2025-09-24 02:12:34,523 INFO recipes: Logging initialized at level INFO
2025-09-24 02:12:34,526 INFO uvicorn.error: Started server process [26]
2025-09-24 02:12:34,526 INFO uvicorn.error: Started server process [26]
2025-09-24 02:12:34,526 INFO uvicorn.error: Waiting for application startup.
2025-09-24 02:12:34,526 INFO uvicorn.error: Waiting for application startup.
2025-09-24 02:12:34,526 INFO recipes: Initializing database and loading seed data from DummyJSON...
2025-09-24 02:12:34,841 INFO recipes: Loaded 30 recipes from https://dummyjson.com/recipes
2025-09-24 02:12:34,841 INFO recipes: Seed data loaded successfully.
2025-09-24 02:12:34,841 INFO uvicorn.error: Application startup complete.
2025-09-24 02:12:34,841 INFO uvicorn.error: Application startup complete.
2025-09-24 02:12:42,764 INFO uvicorn.error: Shutting down
2025-09-24 02:12:42,764 INFO uvicorn.error: Shutting down
2025-09-24 02:12:42,864 INFO uvicorn.error: Waiting for application shutdown.
2025-09-24 02:12:42,864 INFO uvicorn.error: Waiting for application shutdown.
2025-09-24 02:12:42,865 INFO uvicorn.error: Application shutdown complete.
2025-09-24 02:12:42,865 INFO uvicorn.error: Application shutdown complete.
2025-09-24 02:12:42,865 INFO uvicorn.error: Finished server process [26]
2025-09-24 02:12:42,865 INFO uvicorn.error: Finished server process [26]
2025-09-24 02:12:44,273 INFO recipes: Logging initialized at level INFO
2025-09-24 02:12:44,276 INFO uvicorn.error: Started server process [27]
2025-09-24 02:12:44,276 INFO uvicorn.error: Started server process [27]
2025-09-24 02:12:44,276 INFO uvicorn.error: Waiting for application startup.
2025-09-24 02:12:44,276 INFO uvicorn.error: Waiting for application startup.
2025-09-24 02:12:44,276 INFO recipes: Initializing database and loading seed data from DummyJSON...
2025-09-24 02:12:44,412 INFO recipes: Loaded 30 recipes from https://dummyjson.com/recipes
2025-09-24 02:12:44,413 INFO recipes: Seed data loaded successfully.
2025-09-24 02:12:44,413 INFO uvicorn.error: Application startup complete.
2025-09-24 02:12:44,413 INFO uvicorn.error: Application startup complete.
2025-09-24 02:14:36,862 INFO uvicorn.error: Shutting down
2025-09-24 02:14:36,862 INFO uvicorn.error: Shutting down
2025-09-24 02:14:36,963 INFO uvicorn.error: Waiting for application shutdown.
2025-09-24 02:14:36,963 INFO uvicorn.error: Waiting for application shutdown.
2025-09-24 02:14:36,963 INFO uvicorn.error: Application shutdown complete.
2025-09-24 02:14:36,963 INFO uvicorn.error: Application shutdown complete.
2025-09-24 02:14:36,963 INFO uvicorn.error: Finished server process [27]
2025-09-24 02:14:36,963 INFO uvicorn.error: Finished server process [27]
2025-09-24 02:14:38,413 INFO recipes: Logging initialized at level INFO
2025-09-24 02:14:38,416 INFO uvicorn.error: Started server process [28]
2025-09-24 02:14:38,416 INFO uvicorn.error: Started server process [28]
2025-09-24 02:14:38,416 INFO uvicorn.error: Waiting for application startup.
2025-09-24 02:14:38,416 INFO uvicorn.error: Waiting for application startup.
2025-09-24 02:14:38,417 INFO recipes: Initializing database and loading seed data from DummyJSON...
2025-09-24 02:14:38,720 INFO recipes: Loaded 30 recipes from https://dummyjson.com/recipes
2025-09-24 02:14:38,721 INFO recipes: Seed data loaded successfully.
2025-09-24 02:14:38,721 INFO uvicorn.error: Application startup complete.
2025-09-24 02:14:38,721 INFO uvicorn.error: Application startup complete.
2025-09-24 02:14:43,138 INFO uvicorn.error: Shutting down
2025-09-24 02:14:43,138 INFO uvicorn.error: Shutting down
2025-09-24 02:14:43,238 INFO uvicorn.error: Waiting for application shutdown.
2025-09-24 02:14:43,238 INFO uvicorn.error: Waiting for application shutdown.
2025-09-24 02:14:43,239 INFO uvicorn.error: Application shutdown complete.
2025-09-24 02:14:43,239 INFO uvicorn.error: Application shutdown complete.
2025-09-24 02:14:43,239 INFO uvicorn.error: Finished server process [28]
2025-09-24 02:14:43,239 INFO uvicorn.error: Finished server process [28]
2025-09-24 02:14:44,636 INFO recipes: Logging initialized at level INFO
2025-09-24 02:14:44,639 INFO uvicorn.error: Started server process [29]
2025-09-24 02:14:44,639 INFO uvicorn.error: Started server process [29]
2025-09-24 02:14:44,639 INFO uvicorn.error: Waiting for application startup.
2025-09-24 02:14:44,639 INFO uvicorn.error: Waiting for application startup.
2025-09-24 02:14:44,640 INFO recipes: Initializing database and loading seed data from DummyJSON...
2025-09-24 02:14:44,955 INFO recipes: Loaded 30 recipes from https://dummyjson.com/recipes
2025-09-24 02:14:44,956 INFO recipes: Seed data loaded successfully.
2025-09-24 02:14:44,956 INFO uvicorn.error: Application startup complete.
2025-09-24 02:14:44,956 INFO uvicorn.error: Application startup complete.
2025-09-24 02:22:42,949 INFO uvicorn.error: Shutting down
2025-09-24 02:22:42,949 INFO uvicorn.error: Shutting down
2025-09-24 02:22:43,051 INFO uvicorn.error: Waiting for application shutdown.
2025-09-24 02:22:43,051 INFO uvicorn.error: Waiting for application shutdown.
2025-09-24 02:22:43,052 INFO uvicorn.error: Application shutdown complete.
2025-09-24 02:22:43,052 INFO uvicorn.error: Application shutdown complete.
2025-09-24 02:22:43,052 INFO uvicorn.error: Finished server process [29]
2025-09-24 02:22:43,052 INFO uvicorn.error: Finished server process [29]
2025-09-24 02:22:44,476 INFO recipes: Logging initialized at level INFO
2025-09-24 02:22:44,479 INFO uvicorn.error: Started server process [30]
2025-09-24 02:22:44,479 INFO uvicorn.error: Started server process [30]
2025-09-24 02:22:44,479 INFO uvicorn.error: Waiting for application startup.
2025-09-24 02:22:44,479 INFO uvicorn.error: Waiting for application startup.
2025-09-24 02:22:44,479 INFO recipes: Initializing database and loading seed data from DummyJSON...
2025-09-24 02:22:44,626 INFO recipes: Loaded 30 recipes from https://dummyjson.com/recipes
2025-09-24 02:22:44,626 INFO recipes: Seed data loaded successfully.
2025-09-24 02:22:44,626 INFO uvicorn.error: Application startup complete.
2025-09-24 02:22:44,626 INFO uvicorn.error: Application startup complete.
2025-09-24 02:22:49,037 INFO uvicorn.error: Shutting down
2025-09-24 02:22:49,037 INFO uvicorn.error: Shutting down
2025-09-24 02:22:49,137 INFO uvicorn.error: Waiting for application shutdown.
2025-09-24 02:22:49,137 INFO uvicorn.error: Waiting for application shutdown.
2025-09-24 02:22:49,138 INFO uvicorn.error: Application shutdown complete.
2025-09-24 02:22:49,138 INFO uvicorn.error: Application shutdown complete.
2025-09-24 02:22:49,138 INFO uvicorn.error: Finished server process [30]
2025-09-24 02:22:49,138 INFO uvicorn.error: Finished server process [30]
2025-09-24 02:22:50,610 INFO recipes: Logging initialized at level INFO
2025-09-24 02:22:50,613 INFO uvicorn.error: Started server process [31]
2025-09-24 02:22:50,613 INFO uvicorn.error: Started server process [31]
2025-09-24 02:22:50,613 INFO uvicorn.error: Waiting for application startup.
2025-09-24 02:22:50,613 INFO uvicorn.error: Waiting for application startup.
2025-09-24 02:22:50,613 INFO recipes: Initializing database and loading seed data from DummyJSON...
2025-09-24 02:22:50,751 INFO recipes: Loaded 30 recipes from https://dummyjson.com/recipes
2025-09-24 02:22:50,752 INFO recipes: Seed data loaded successfully.
2025-09-24 02:22:50,752 INFO uvicorn.error: Application startup complete.
2025-09-24 02:22:50,752 INFO uvicorn.error: Application startup complete.
2025-09-24 02:22:52,225 INFO recipes: Logging initialized at level INFO
2025-09-24 02:22:52,228 INFO uvicorn.error: Started server process [32]
2025-09-24 02:22:52,228 INFO uvicorn.error: Started server process [32]
2025-09-24 02:22:52,228 INFO uvicorn.error: Waiting for application startup.
2025-09-24 02:22:52,228 INFO uvicorn.error: Waiting for application startup.
2025-09-24 02:22:52,228 INFO recipes: Initializing database and loading seed data from DummyJSON...
2025-09-24 02:22:52,534 INFO recipes: Loaded 30 recipes from https://dummyjson.com/recipes
2025-09-24 02:22:52,534 INFO recipes: Seed data loaded successfully.
2025-09-24 02:22:52,534 INFO uvicorn.error: Application startup complete.
2025-09-24 02:22:52,534 INFO uvicorn.error: Application startup complete.
2025-09-24 02:22:59,659 INFO uvicorn.error: Shutting down
2025-09-24 02:22:59,659 INFO uvicorn.error: Shutting down
2025-09-24 02:22:59,760 INFO uvicorn.error: Waiting for application shutdown.
2025-09-24 02:22:59,760 INFO uvicorn.error: Waiting for application shutdown.
2025-09-24 02:22:59,760 INFO uvicorn.error: Application shutdown complete.
2025-09-24 02:22:59,760 INFO uvicorn.error: Application shutdown complete.
2025-09-24 02:22:59,760 INFO uvicorn.error: Finished server process [32]
2025-09-24 02:22:59,760 INFO uvicorn.error: Finished server process [32]
2025-09-24 02:23:01,234 INFO recipes: Logging initialized at level INFO
2025-09-24 02:23:01,237 INFO uvicorn.error: Started server process [33]
2025-09-24 02:23:01,237 INFO uvicorn.error: Started server process [33]
2025-09-24 02:23:01,237 INFO uvicorn.error: Waiting for application startup.
2025-09-24 02:23:01,237 INFO uvicorn.error: Waiting for application startup.
2025-09-24 02:23:01,237 INFO recipes: Initializing database and loading seed data from DummyJSON...
2025-09-24 02:23:01,546 INFO recipes: Loaded 30 recipes from https://dummyjson.com/recipes
2025-09-24 02:23:01,547 INFO recipes: Seed data loaded successfully.
2025-09-24 02:23:01,547 INFO uvicorn.error: Application startup complete.
2025-09-24 02:23:01,547 INFO uvicorn.error: Application startup complete.
2025-09-24 02:23:02,992 INFO recipes: Logging initialized at level INFO
2025-09-24 02:23:02,995 INFO uvicorn.error: Started server process [34]
2025-09-24 02:23:02,995 INFO uvicorn.error: Started server process [34]
2025-09-24 02:23:02,995 INFO uvicorn.error: Waiting for application startup.
2025-09-24 02:23:02,995 INFO uvicorn.error: Waiting for application startup.
2025-09-24 02:23:02,995 INFO recipes: Initializing database and loading seed data from DummyJSON...
2025-09-24 02:23:03,303 INFO recipes: Loaded 30 recipes from https://dummyjson.com/recipes
2025-09-24 02:23:03,303 INFO recipes: Seed data loaded successfully.
2025-09-24 02:23:03,304 INFO uvicorn.error: Application startup complete.
2025-09-24 02:23:03,304 INFO uvicorn.error: Application startup complete.
2025-09-24 02:23:03,806 INFO uvicorn.error: Shutting down
2025-09-24 02:23:03,806 INFO uvicorn.error: Shutting down
2025-09-24 02:23:03,907 INFO uvicorn.error: Waiting for application shutdown.
2025-09-24 02:23:03,907 INFO uvicorn.error: Waiting for application shutdown.
2025-09-24 02:23:03,907 INFO uvicorn.error: Application shutdown complete.
2025-09-24 02:23:03,907 INFO uvicorn.error: Application shutdown complete.
2025-09-24 02:23:03,907 INFO uvicorn.error: Finished server process [34]
2025-09-24 02:23:03,907 INFO uvicorn.error: Finished server process [34]
2025-09-24 02:23:05,300 INFO recipes: Logging initialized at level INFO
2025-09-24 02:23:05,302 INFO uvicorn.error: Started server process [35]
2025-09-24 02:23:05,302 INFO uvicorn.error: Started server process [35]
2025-09-24 02:23:05,303 INFO uvicorn.error: Waiting for application startup.
2025-09-24 02:23:05,303 INFO uvicorn.error: Waiting for application startup.
2025-09-24 02:23:05,303 INFO recipes: Initializing database and loading seed data from DummyJSON...
2025-09-24 02:23:05,616 INFO recipes: Loaded 30 recipes from https://dummyjson.com/recipes
2025-09-24 02:23:05,617 INFO recipes: Seed data loaded successfully.
2025-09-24 02:23:05,617 INFO uvicorn.error: Application startup complete.
2025-09-24 02:23:05,617 INFO uvicorn.error: Application startup complete.
2025-09-24 02:23:09,028 INFO uvicorn.error: Shutting down
2025-09-24 02:23:09,028 INFO uvicorn.error: Shutting down
2025-09-24 02:23:09,129 INFO uvicorn.error: Waiting for application shutdown.
2025-09-24 02:23:09,129 INFO uvicorn.error: Waiting for application shutdown.
2025-09-24 02:23:09,129 INFO uvicorn.error: Application shutdown complete.
2025-09-24 02:23:09,129 INFO uvicorn.error: Application shutdown complete.
2025-09-24 02:23:09,129 INFO uvicorn.error: Finished server process [35]
2025-09-24 02:23:09,129 INFO uvicorn.error: Finished server process [35]
2025-09-24 02:23:10,559 INFO recipes: Logging initialized at level INFO
2025-09-24 02:23:10,562 INFO uvicorn.error: Started server process [36]
2025-09-24 02:23:10,562 INFO uvicorn.error: Started server process [36]
2025-09-24 02:23:10,562 INFO uvicorn.error: Waiting for application startup.
2025-09-24 02:23:10,562 INFO uvicorn.error: Waiting for application startup.
2025-09-24 02:23:10,562 INFO recipes: Initializing database and loading seed data from DummyJSON...
2025-09-24 02:23:10,698 INFO recipes: Loaded 30 recipes from https://dummyjson.com/recipes
2025-09-24 02:23:10,699 INFO recipes: Seed data loaded successfully.
2025-09-24 02:23:10,699 INFO uvicorn.error: Application startup complete.
2025-09-24 02:23:10,699 INFO uvicorn.error: Application startup complete.
2025-09-24 02:23:19,030 INFO uvicorn.error: Shutting down
2025-09-24 02:23:19,030 INFO uvicorn.error: Shutting down
2025-09-24 02:23:19,130 INFO uvicorn.error: Waiting for application shutdown.
2025-09-24 02:23:19,130 INFO uvicorn.error: Waiting for application shutdown.
2025-09-24 02:23:19,131 INFO uvicorn.error: Application shutdown complete.
2025-09-24 02:23:19,131 INFO uvicorn.error: Application shutdown complete.
2025-09-24 02:23:19,131 INFO uvicorn.error: Finished server process [36]
2025-09-24 02:23:19,131 INFO uvicorn.error: Finished server process [36]
2025-09-24 02:23:20,531 INFO recipes: Logging initialized at level INFO
2025-09-24 02:23:20,534 INFO uvicorn.error: Started server process [37]
2025-09-24 02:23:20,534 INFO uvicorn.error: Started server process [37]
2025-09-24 02:23:20,534 INFO uvicorn.error: Waiting for application startup.
2025-09-24 02:23:20,534 INFO uvicorn.error: Waiting for application startup.
2025-09-24 02:23:20,534 INFO recipes: Initializing database and loading seed data from DummyJSON...
2025-09-24 02:23:20,680 INFO recipes: Loaded 30 recipes from https://dummyjson.com/recipes
2025-09-24 02:23:20,680 INFO recipes: Seed data loaded successfully.
2025-09-24 02:23:20,681 INFO uvicorn.error: Application startup complete.
2025-09-24 02:23:20,681 INFO uvicorn.error: Application startup complete.
2025-09-24 02:23:24,087 INFO uvicorn.error: Shutting down
2025-09-24 02:23:24,087 INFO uvicorn.error: Shutting down
2025-09-24 02:23:24,188 INFO uvicorn.error: Waiting for application shutdown.
2025-09-24 02:23:24,188 INFO uvicorn.error: Waiting for application shutdown.
2025-09-24 02:23:24,188 INFO uvicorn.error: Application shutdown complete.
2025-09-24 02:23:24,188 INFO uvicorn.error: Application shutdown complete.
2025-09-24 02:23:24,189 INFO uvicorn.error: Finished server process [37]
2025-09-24 02:23:24,189 INFO uvicorn.error: Finished server process [37]
2025-09-24 02:23:25,585 INFO recipes: Logging initialized at level INFO
2025-09-24 02:23:25,587 INFO uvicorn.error: Started server process [38]
2025-09-24 02:23:25,587 INFO uvicorn.error: Started server process [38]
2025-09-24 02:23:25,588 INFO uvicorn.error: Waiting for application startup.
2025-09-24 02:23:25,588 INFO uvicorn.error: Waiting for application startup.
2025-09-24 02:23:25,588 INFO recipes: Initializing database and loading seed data from DummyJSON...
2025-09-24 02:23:25,726 INFO recipes: Loaded 30 recipes from https://dummyjson.com/recipes
2025-09-24 02:23:25,726 INFO recipes: Seed data loaded successfully.
2025-09-24 02:23:25,726 INFO uvicorn.error: Application startup complete.
2025-09-24 02:23:25,726 INFO uvicorn.error: Application startup complete.
2025-09-24 02:23:41,267 INFO uvicorn.error: Shutting down
2025-09-24 02:23:41,267 INFO uvicorn.error: Shutting down
2025-09-24 02:23:41,368 INFO uvicorn.error: Waiting for application shutdown.
2025-09-24 02:23:41,368 INFO uvicorn.error: Waiting for application shutdown.
2025-09-24 02:23:41,368 INFO uvicorn.error: Application shutdown complete.
2025-09-24 02:23:41,368 INFO uvicorn.error: Application shutdown complete.
2025-09-24 02:23:41,368 INFO uvicorn.error: Finished server process [38]
2025-09-24 02:23:41,368 INFO uvicorn.error: Finished server process [38]
2025-09-24 02:23:42,775 INFO recipes: Logging initialized at level INFO
2025-09-24 02:23:42,777 INFO uvicorn.error: Started server process [39]
2025-09-24 02:23:42,777 INFO uvicorn.error: Started server process [39]
2025-09-24 02:23:42,777 INFO uvicorn.error: Waiting for application startup.
2025-09-24 02:23:42,777 INFO uvicorn.error: Waiting for application startup.
2025-09-24 02:23:42,778 INFO recipes: Initializing database and loading seed data from DummyJSON...
2025-09-24 02:23:43,086 INFO recipes: Loaded 30 recipes from https://dummyjson.com/recipes
2025-09-24 02:23:43,086 INFO recipes: Seed data loaded successfully.
2025-09-24 02:23:43,087 INFO uvicorn.error: Application startup complete.
2025-09-24 02:23:43,087 INFO uvicorn.error: Application startup complete.
2025-09-24 02:32:54,350 INFO uvicorn.error: Shutting down
2025-09-24 02:32:54,350 INFO uvicorn.error: Shutting down
2025-09-24 02:32:54,451 INFO uvicorn.error: Waiting for application shutdown.
2025-09-24 02:32:54,451 INFO uvicorn.error: Waiting for application shutdown.
2025-09-24 02:32:54,451 INFO uvicorn.error: Application shutdown complete.
2025-09-24 02:32:54,451 INFO uvicorn.error: Application shutdown complete.
2025-09-24 02:32:54,451 INFO uvicorn.error: Finished server process [39]
2025-09-24 02:32:54,451 INFO uvicorn.error: Finished server process [39]
2025-09-24 02:32:55,887 INFO recipes: Logging initialized at level INFO
2025-09-24 02:32:55,890 INFO uvicorn.error: Started server process [40]
2025-09-24 02:32:55,890 INFO uvicorn.error: Started server process [40]
2025-09-24 02:32:55,890 INFO uvicorn.error: Waiting for application startup.
2025-09-24 02:32:55,890 INFO uvicorn.error: Waiting for application startup.
2025-09-24 02:32:55,890 INFO recipes: Initializing database and loading seed data from DummyJSON...
2025-09-24 02:32:56,046 INFO recipes: Loaded 30 recipes from https://dummyjson.com/recipes
2025-09-24 02:32:56,047 INFO recipes: Seed data loaded successfully.
2025-09-24 02:32:56,047 INFO uvicorn.error: Application startup complete.
2025-09-24 02:32:56,047 INFO uvicorn.error: Application startup complete.
2025-09-24 02:35:16,888 INFO uvicorn.error: Shutting down
2025-09-24 02:35:16,888 INFO uvicorn.error: Shutting down
2025-09-24 02:35:16,988 INFO uvicorn.error: Waiting for application shutdown.
2025-09-24 02:35:16,988 INFO uvicorn.error: Waiting for application shutdown.
2025-09-24 02:35:16,989 INFO uvicorn.error: Application shutdown complete.
2025-09-24 02:35:16,989 INFO uvicorn.error: Application shutdown complete.
2025-09-24 02:35:16,989 INFO uvicorn.error: Finished server process [40]
2025-09-24 02:35:16,989 INFO uvicorn.error: Finished server process [40]
2025-09-24 02:35:18,429 INFO recipes: Logging initialized at level INFO
2025-09-24 02:35:18,432 INFO uvicorn.error: Started server process [41]
2025-09-24 02:35:18,432 INFO uvicorn.error: Started server process [41]
2025-09-24 02:35:18,432 INFO uvicorn.error: Waiting for application startup.
2025-09-24 02:35:18,432 INFO uvicorn.error: Waiting for application startup.
2025-09-24 02:35:18,433 INFO recipes: Initializing database and loading seed data from DummyJSON...
2025-09-24 02:35:18,738 INFO recipes: Loaded 30 recipes from https://dummyjson.com/recipes
2025-09-24 02:35:18,738 INFO recipes: Seed data loaded successfully.
2025-09-24 02:35:18,738 INFO uvicorn.error: Application startup complete.
2025-09-24 02:35:18,738 INFO uvicorn.error: Application startup complete.
2025-09-24 02:35:20,153 INFO recipes: Logging initialized at level INFO
2025-09-24 02:35:20,155 INFO uvicorn.error: Started server process [42]
2025-09-24 02:35:20,155 INFO uvicorn.error: Started server process [42]
2025-09-24 02:35:20,156 INFO uvicorn.error: Waiting for application startup.
2025-09-24 02:35:20,156 INFO uvicorn.error: Waiting for application startup.
2025-09-24 02:35:20,156 INFO recipes: Initializing database and loading seed data from DummyJSON...
2025-09-24 02:35:20,301 INFO recipes: Loaded 30 recipes from https://dummyjson.com/recipes
2025-09-24 02:35:20,301 INFO recipes: Seed data loaded successfully.
2025-09-24 02:35:20,301 INFO uvicorn.error: Application startup complete.
2025-09-24 02:35:20,301 INFO uvicorn.error: Application startup complete.
2025-09-24 02:35:21,103 INFO uvicorn.error: Shutting down
2025-09-24 02:35:21,103 INFO uvicorn.error: Shutting down
2025-09-24 02:35:21,204 INFO uvicorn.error: Waiting for application shutdown.
2025-09-24 02:35:21,204 INFO uvicorn.error: Waiting for application shutdown.
2025-09-24 02:35:21,204 INFO uvicorn.error: Application shutdown complete.
2025-09-24 02:35:21,204 INFO uvicorn.error: Application shutdown complete.
2025-09-24 02:35:21,205 INFO uvicorn.error: Finished server process [42]
2025-09-24 02:35:21,205 INFO uvicorn.error: Finished server process [42]
2025-09-24 02:35:22,618 INFO recipes: Logging initialized at level INFO
2025-09-24 02:35:22,621 INFO uvicorn.error: Started server process [43]
2025-09-24 02:35:22,621 INFO uvicorn.error: Started server process [43]
2025-09-24 02:35:22,621 INFO uvicorn.error: Waiting for application startup.
2025-09-24 02:35:22,621 INFO uvicorn.error: Waiting for application startup.
2025-09-24 02:35:22,621 INFO recipes: Initializing database and loading seed data from DummyJSON...
2025-09-24 02:35:22,927 INFO recipes: Loaded 30 recipes from https://dummyjson.com/recipes
2025-09-24 02:35:22,927 INFO recipes: Seed data loaded successfully.
2025-09-24 02:35:22,927 INFO uvicorn.error: Application startup complete.
2025-09-24 02:35:22,927 INFO uvicorn.error: Application startup complete.
2025-09-24 02:54:17,557 INFO uvicorn.error: Shutting down
2025-09-24 02:54:17,557 INFO uvicorn.error: Shutting down
2025-09-24 02:54:17,658 INFO uvicorn.error: Waiting for application shutdown.
2025-09-24 02:54:17,658 INFO uvicorn.error: Waiting for application shutdown.
2025-09-24 02:54:17,658 INFO uvicorn.error: Application shutdown complete.
2025-09-24 02:54:17,658 INFO uvicorn.error: Application shutdown complete.
2025-09-24 02:54:17,659 INFO uvicorn.error: Finished server process [43]
2025-09-24 02:54:17,659 INFO uvicorn.error: Finished server process [43]
